This file contains any messages produced by compilers while
running configure, to aid debugging if configure makes a mistake.

It was created by configure, which was
generated by GNU Autoconf 2.59.  Invocation command line was

  $ ./configure 

## --------- ##
## Platform. ##
## --------- ##

hostname = malcolm
uname -m = i686
uname -r = 2.6.12-gentoo-r6
uname -s = Linux
uname -v = #1 Sat Aug 13 11:41:52 MDT 2005

/usr/bin/uname -p = AMD Athlon(tm) XP 1600+
/bin/uname -X     = unknown

/bin/arch              = i686
/usr/bin/arch -k       = unknown
/usr/convex/getsysinfo = unknown
hostinfo               = unknown
/bin/machine           = unknown
/usr/bin/oslevel       = unknown
/bin/universe          = unknown

PATH: /usr/local/bin
PATH: /usr/bin
PATH: /bin
PATH: /opt/bin
PATH: /usr/i686-pc-linux-gnu/gcc-bin/3.3.6
PATH: /opt/blackdown-jdk-1.4.2.02/bin
PATH: /opt/blackdown-jdk-1.4.2.02/jre/bin
PATH: /usr/qt/3/bin
PATH: /usr/kde/3.4/bin
PATH: /usr/games/bin
PATH: /usr/share/karamba/bin


## ----------- ##
## Core tests. ##
## ----------- ##

configure:1262: checking for a BSD-compatible install
configure:1317: result: /usr/bin/install -c
configure:1328: checking whether build environment is sane
configure:1371: result: yes
configure:1436: checking for gawk
configure:1452: found /usr/bin/gawk
configure:1462: result: gawk
configure:1472: checking whether make sets $(MAKE)
configure:1492: result: yes
configure:1674: checking for a BSD-compatible install
configure:1729: result: /usr/bin/install -c
configure:1744: checking for tovid
configure:1760: found /usr/local/bin/tovid
configure:1770: result: yes
configure:1779: checking for makemenu
configure:1795: found /usr/local/bin/makemenu
configure:1805: result: yes
configure:1814: checking for makexml
configure:1830: found /usr/local/bin/makexml
configure:1840: result: yes
configure:1854: checking Installed version of tovid
configure:1857: result: 0.21
configure:1862: checking for python
configure:1878: found /usr/bin/python
configure:1888: result: yes
configure:2028: creating ./config.status

## ---------------------- ##
## Running config.status. ##
## ---------------------- ##

This file was extended by config.status, which was
generated by GNU Autoconf 2.59.  Invocation command line was

  CONFIG_FILES    = 
  CONFIG_HEADERS  = 
  CONFIG_LINKS    = 
  CONFIG_COMMANDS = 
  $ ./config.status 

on malcolm

config.status:656: creating Makefile
config.status:656: creating icons/Makefile

## ---------------- ##
## Cache variables. ##
## ---------------- ##

ac_cv_env_build_alias_set=
ac_cv_env_build_alias_value=
ac_cv_env_host_alias_set=
ac_cv_env_host_alias_value=
ac_cv_env_target_alias_set=
ac_cv_env_target_alias_value=
ac_cv_path_install='/usr/bin/install -c'
ac_cv_prog_AWK=gawk
ac_cv_prog_MAKEMENU=yes
ac_cv_prog_MAKEXML=yes
ac_cv_prog_PYTHON=yes
ac_cv_prog_TOVID=yes
ac_cv_prog_make_make_set=yes

## ----------------- ##
## Output variables. ##
## ----------------- ##

ACLOCAL='${SHELL} /pub/cvs/tovid/gui/missing --run aclocal-1.9'
AMTAR='${SHELL} /pub/cvs/tovid/gui/missing --run tar'
AUTOCONF='${SHELL} /pub/cvs/tovid/gui/missing --run autoconf'
AUTOHEADER='${SHELL} /pub/cvs/tovid/gui/missing --run autoheader'
AUTOMAKE='${SHELL} /pub/cvs/tovid/gui/missing --run automake-1.9'
AWK='gawk'
CYGPATH_W='echo'
DEFS='-DPACKAGE_NAME=\"\" -DPACKAGE_TARNAME=\"\" -DPACKAGE_VERSION=\"\" -DPACKAGE_STRING=\"\" -DPACKAGE_BUGREPORT=\"\" -DPACKAGE=\"tovid-gui\" -DVERSION=\"0.22\" '
ECHO_C=''
ECHO_N='-n'
ECHO_T=''
INSTALL_DATA='${INSTALL} -m 644'
INSTALL_PROGRAM='${INSTALL}'
INSTALL_SCRIPT='${INSTALL}'
INSTALL_STRIP_PROGRAM='${SHELL} $(install_sh) -c -s'
LIBOBJS=''
LIBS=''
LTLIBOBJS=''
MAKEINFO='${SHELL} /pub/cvs/tovid/gui/missing --run makeinfo'
MAKEMENU='yes'
MAKEXML='yes'
PACKAGE='tovid-gui'
PACKAGE_BUGREPORT=''
PACKAGE_NAME=''
PACKAGE_STRING=''
PACKAGE_TARNAME=''
PACKAGE_VERSION=''
PATH_SEPARATOR=':'
PYTHON='yes'
SET_MAKE=''
SHELL='/bin/sh'
STRIP=''
TOVID='yes'
VERSION='0.22'
ac_ct_STRIP=''
am__leading_dot='.'
am__tar='${AMTAR} chof - "$$tardir"'
am__untar='${AMTAR} xf -'
bindir='${exec_prefix}/bin'
build_alias=''
datadir='${prefix}/share'
exec_prefix='${prefix}'
host_alias=''
includedir='${prefix}/include'
infodir='${prefix}/info'
install_sh='/pub/cvs/tovid/gui/install-sh'
libdir='${exec_prefix}/lib'
libexecdir='${exec_prefix}/libexec'
localstatedir='${prefix}/var'
mandir='${prefix}/man'
mkdir_p='mkdir -p --'
oldincludedir='/usr/include'
prefix='/usr/local'
program_transform_name='s,x,x,'
sbindir='${exec_prefix}/sbin'
sharedstatedir='${prefix}/com'
sysconfdir='${prefix}/etc'
target_alias=''

## ----------- ##
## confdefs.h. ##
## ----------- ##

#define PACKAGE "tovid-gui"
#define PACKAGE_BUGREPORT ""
#define PACKAGE_NAME ""
#define PACKAGE_STRING ""
#define PACKAGE_TARNAME ""
#define PACKAGE_VERSION ""
#define VERSION "0.22"

configure: exit 0

## ---------------------- ##
## Running config.status. ##
## ---------------------- ##

This file was extended by config.status, which was
generated by GNU Autoconf 2.59.  Invocation command line was

  CONFIG_FILES    = 
  CONFIG_HEADERS  = 
  CONFIG_LINKS    = 
  CONFIG_COMMANDS = 
  $ ./config.status Makefile

on malcolm

config.status:656: creating Makefile
