This file contains any messages produced by compilers while
running configure, to aid debugging if configure makes a mistake.

It was created by configure, which was
generated by GNU Autoconf 2.59.  Invocation command line was

  $ ./configure 

## --------- ##
## Platform. ##
## --------- ##

hostname = malcolm
uname -m = i686
uname -r = 2.6.12-gentoo-r6
uname -s = Linux
uname -v = #1 Sat Aug 13 11:41:52 MDT 2005

/usr/bin/uname -p = AMD Athlon(tm) XP 1600+
/bin/uname -X     = unknown

/bin/arch              = i686
/usr/bin/arch -k       = unknown
/usr/convex/getsysinfo = unknown
hostinfo               = unknown
/bin/machine           = unknown
/usr/bin/oslevel       = unknown
/bin/universe          = unknown

PATH: /usr/local/bin
PATH: /usr/bin
PATH: /bin
PATH: /opt/bin
PATH: /usr/i686-pc-linux-gnu/gcc-bin/3.3.6
PATH: /opt/blackdown-jdk-1.4.2.02/bin
PATH: /opt/blackdown-jdk-1.4.2.02/jre/bin
PATH: /usr/qt/3/bin
PATH: /usr/games/bin
PATH: /usr/share/karamba/bin


## ----------- ##
## Core tests. ##
## ----------- ##

configure:1262: checking for a BSD-compatible install
configure:1317: result: /usr/bin/install -c
configure:1328: checking whether build environment is sane
configure:1371: result: yes
configure:1436: checking for gawk
configure:1452: found /usr/bin/gawk
configure:1462: result: gawk
configure:1472: checking whether make sets $(MAKE)
configure:1492: result: yes
configure:1674: checking for a BSD-compatible install
configure:1729: result: /usr/bin/install -c
configure:1744: checking for mplayer
configure:1760: found /usr/bin/mplayer
configure:1770: result: yes 
configure:1779: checking for mencoder
configure:1795: found /usr/bin/mencoder
configure:1805: result: yes 
configure:1814: checking for yuvfps
configure:1830: found /usr/bin/yuvfps
configure:1840: result: yes 
configure:1849: checking for mpeg2enc
configure:1865: found /usr/bin/mpeg2enc
configure:1875: result: yes 
configure:1884: checking for mp2enc
configure:1900: found /usr/bin/mp2enc
configure:1910: result: yes 
configure:1919: checking for mplex
configure:1935: found /usr/bin/mplex
configure:1945: result: yes 
configure:1954: checking for convert
configure:1970: found /usr/bin/convert
configure:1980: result: yes 
configure:1989: checking for ffmpeg
configure:2005: found /usr/bin/ffmpeg
configure:2015: result: yes 
configure:2024: checking for dvdauthor
configure:2040: found /usr/bin/dvdauthor
configure:2050: result: yes 
configure:2059: checking for transcode
configure:2075: found /usr/bin/transcode
configure:2085: result: yes 
configure:2094: checking for vcdimager
configure:2110: found /usr/bin/vcdimager
configure:2120: result: yes 
configure:2129: checking for sox
configure:2145: found /usr/bin/sox
configure:2155: result: yes 
configure:2164: checking for mkisofs
configure:2180: found /usr/bin/mkisofs
configure:2190: result: yes 
configure:2199: checking for lsdvd
configure:2215: found /usr/bin/lsdvd
configure:2225: result: yes 
configure:2379: creating ./config.status

## ---------------------- ##
## Running config.status. ##
## ---------------------- ##

This file was extended by config.status, which was
generated by GNU Autoconf 2.59.  Invocation command line was

  CONFIG_FILES    = 
  CONFIG_HEADERS  = 
  CONFIG_LINKS    = 
  CONFIG_COMMANDS = 
  $ ./config.status 

on malcolm

config.status:665: creating Makefile

## ---------------- ##
## Cache variables. ##
## ---------------- ##

ac_cv_env_build_alias_set=
ac_cv_env_build_alias_value=
ac_cv_env_host_alias_set=
ac_cv_env_host_alias_value=
ac_cv_env_target_alias_set=
ac_cv_env_target_alias_value=
ac_cv_path_install='/usr/bin/install -c'
ac_cv_prog_AWK=gawk
ac_cv_prog_CONVERT='yes '
ac_cv_prog_DVDAUTHOR='yes '
ac_cv_prog_FFMPEG='yes '
ac_cv_prog_LSDVD='yes '
ac_cv_prog_MENCODER='yes '
ac_cv_prog_MKISOFS='yes '
ac_cv_prog_MP2ENC='yes '
ac_cv_prog_MPEG2ENC='yes '
ac_cv_prog_MPLAYER='yes '
ac_cv_prog_MPLEX='yes '
ac_cv_prog_SOX='yes '
ac_cv_prog_TRANSCODE='yes '
ac_cv_prog_VCDIMAGER='yes '
ac_cv_prog_YUVFPS='yes '
ac_cv_prog_make_make_set=yes

## ----------------- ##
## Output variables. ##
## ----------------- ##

ACLOCAL='${SHELL} /home/eric/tovid/tovid/missing --run aclocal-1.9'
AMTAR='${SHELL} /home/eric/tovid/tovid/missing --run tar'
AUTOCONF='${SHELL} /home/eric/tovid/tovid/missing --run autoconf'
AUTOHEADER='${SHELL} /home/eric/tovid/tovid/missing --run autoheader'
AUTOMAKE='${SHELL} /home/eric/tovid/tovid/missing --run automake-1.9'
AWK='gawk'
CONVERT='yes '
CYGPATH_W='echo'
DEFS='-DPACKAGE_NAME=\"\" -DPACKAGE_TARNAME=\"\" -DPACKAGE_VERSION=\"\" -DPACKAGE_STRING=\"\" -DPACKAGE_BUGREPORT=\"\" -DPACKAGE=\"tovid\" -DVERSION=\"0.23\" '
DVDAUTHOR='yes '
ECHO_C=''
ECHO_N='-n'
ECHO_T=''
FFMPEG='yes '
INSTALL_DATA='${INSTALL} -m 644'
INSTALL_PROGRAM='${INSTALL}'
INSTALL_SCRIPT='${INSTALL}'
INSTALL_STRIP_PROGRAM='${SHELL} $(install_sh) -c -s'
LIBOBJS=''
LIBS=''
LSDVD='yes '
LTLIBOBJS=''
MAKEINFO='${SHELL} /home/eric/tovid/tovid/missing --run makeinfo'
MENCODER='yes '
MKISOFS='yes '
MP2ENC='yes '
MPEG2ENC='yes '
MPLAYER='yes '
MPLEX='yes '
PACKAGE='tovid'
PACKAGE_BUGREPORT=''
PACKAGE_NAME=''
PACKAGE_STRING=''
PACKAGE_TARNAME=''
PACKAGE_VERSION=''
PATH_SEPARATOR=':'
SET_MAKE=''
SHELL='/bin/sh'
SOX='yes '
STRIP=''
TRANSCODE='yes '
VCDIMAGER='yes '
VERSION='0.23'
YUVFPS='yes '
ac_ct_STRIP=''
am__leading_dot='.'
am__tar='${AMTAR} chof - "$$tardir"'
am__untar='${AMTAR} xf -'
bindir='${exec_prefix}/bin'
build_alias=''
datadir='${prefix}/share'
exec_prefix='${prefix}'
host_alias=''
includedir='${prefix}/include'
infodir='${prefix}/info'
install_sh='/home/eric/tovid/tovid/install-sh'
libdir='${exec_prefix}/lib'
libexecdir='${exec_prefix}/libexec'
localstatedir='${prefix}/var'
mandir='${prefix}/man'
mkdir_p='mkdir -p --'
oldincludedir='/usr/include'
prefix='/usr/local'
program_transform_name='s,x,x,'
sbindir='${exec_prefix}/sbin'
sharedstatedir='${prefix}/com'
sysconfdir='${prefix}/etc'
target_alias=''

## ----------- ##
## confdefs.h. ##
## ----------- ##

#define PACKAGE "tovid"
#define PACKAGE_BUGREPORT ""
#define PACKAGE_NAME ""
#define PACKAGE_STRING ""
#define PACKAGE_TARNAME ""
#define PACKAGE_VERSION ""
#define VERSION "0.23"

configure: exit 0
